[2025-12-07T05:56:58.126] [INFO] Running single cycle...
[2025-12-07T05:56:58.127] [INFO] Initializing genesis service...
[2025-12-07T05:56:58.781] [INFO] Genesis service initialized in 0.65s, GPU=True, providers=['TensorrtExecutionProvider', 'CUDAExecutionProvider', 'CPUExecutionProvider']
[2025-12-07T05:56:58.781] [INFO] Starting cycle 20251207_055658: target=25, tier=3.0
[2025-12-07T05:56:59.782] [INFO] Cycle 20251207_055658 complete: status=complete (dry run), accepted=5/25, rate=20.0%, duration=1.0s
[2025-12-07T05:56:59.784] [INFO] No SMTP recipients configured, skipping email
[2025-12-07T05:57:35.350] [INFO] Running single cycle...
[2025-12-07T05:57:35.351] [INFO] Initializing genesis service...
[2025-12-07T05:57:35.922] [INFO] Genesis service initialized in 0.57s, GPU=True, providers=['TensorrtExecutionProvider', 'CUDAExecutionProvider', 'CPUExecutionProvider']
[2025-12-07T05:57:35.922] [INFO] Starting cycle 20251207_055735: target=5, tier=3.0
[2025-12-07T05:57:35.956] [INFO] Cycle 20251207_055735 complete: status=complete, accepted=5/19, rate=26.3%, duration=0.0s
[2025-12-07T05:57:35.956] [INFO] No SMTP recipients configured, skipping email
[2025-12-07T06:05:18.631] [INFO] Running single cycle...
[2025-12-07T06:05:18.633] [INFO] Initializing genesis service...
[2025-12-07T06:05:19.233] [INFO] Genesis service initialized in 0.60s, GPU=True, providers=['TensorrtExecutionProvider', 'CUDAExecutionProvider', 'CPUExecutionProvider']
[2025-12-07T06:05:19.236] [INFO] Starting cycle 20251207_060519: target=5, tier=3.0, degraded=False
[2025-12-07T06:05:20.237] [INFO] Cycle 20251207_060519 complete: status=complete (dry run), accepted=5/25, rate=20.0%, duration=1.0s
[2025-12-07T06:05:20.238] [INFO] No SMTP recipients configured, skipping email
[2025-12-07T06:06:11.857] [INFO] Running single cycle...
[2025-12-07T06:06:11.858] [INFO] Initializing genesis service...
[2025-12-07T06:06:12.443] [INFO] Genesis service initialized in 0.58s, GPU=True, providers=['TensorrtExecutionProvider', 'CUDAExecutionProvider', 'CPUExecutionProvider']
[2025-12-07T06:06:12.445] [INFO] Starting cycle 20251207_060612: target=3, tier=3.0, degraded=False
[2025-12-07T06:06:12.478] [INFO] Cycle 20251207_060612 complete: status=complete, accepted=3/8, rate=37.5%, duration=0.0s
[2025-12-07T06:06:12.478] [INFO] No SMTP recipients configured, skipping email
[2025-12-07T13:59:39.594] [INFO] Running single cycle...
[2025-12-07T13:59:39.595] [INFO] Initializing genesis service...
[2025-12-07T13:59:40.307] [INFO] Genesis service initialized in 0.71s, GPU=True, providers=['TensorrtExecutionProvider', 'CUDAExecutionProvider', 'CPUExecutionProvider']
[2025-12-07T13:59:40.309] [INFO] Starting cycle 20251207_135940: target=5, tier=3.0, degraded=False
[2025-12-07T13:59:41.310] [INFO] Cycle 20251207_135940 complete: status=complete (dry run), accepted=5/25, rate=20.0%, duration=1.0s
[2025-12-07T13:59:41.311] [INFO] No SMTP recipients configured, skipping email
[2025-12-07T14:00:28.924] [INFO] Running single cycle...
[2025-12-07T14:00:28.925] [INFO] Initializing genesis service...
[2025-12-07T14:00:29.490] [INFO] Genesis service initialized in 0.56s, GPU=True, providers=['TensorrtExecutionProvider', 'CUDAExecutionProvider', 'CPUExecutionProvider']
[2025-12-07T14:00:29.493] [INFO] Starting cycle 20251207_140029: target=5, tier=3.0, degraded=False
[2025-12-07T14:00:30.494] [INFO] Cycle 20251207_140029 complete: status=complete (dry run), accepted=5/25, rate=20.0%, duration=1.0s
[2025-12-07T14:00:30.495] [INFO] No SMTP recipients configured, skipping email
[2025-12-07T14:01:28.421] [INFO] Running single cycle...
[2025-12-07T14:01:28.423] [INFO] Initializing genesis service...
[2025-12-07T14:01:28.982] [INFO] Genesis service initialized in 0.56s, GPU=True, providers=['TensorrtExecutionProvider', 'CUDAExecutionProvider', 'CPUExecutionProvider']
[2025-12-07T14:01:28.982] [WARN] Running in DEGRADED MODE: VRAM usage 8.2% >= threshold 5%
[2025-12-07T14:01:28.986] [INFO] Starting cycle 20251207_140128: target=5, tier=3.0, degraded=True
[2025-12-07T14:01:29.987] [INFO] Cycle 20251207_140128 complete: status=complete (dry run), accepted=5/25, rate=20.0%, duration=1.0s
[2025-12-07T14:01:29.988] [INFO] No SMTP recipients configured, skipping email
[2025-12-07T14:01:55.709] [INFO] Running single cycle...
[2025-12-07T14:01:55.711] [INFO] Initializing genesis service...
[2025-12-07T14:01:56.275] [INFO] Genesis service initialized in 0.56s, GPU=True, providers=['TensorrtExecutionProvider', 'CUDAExecutionProvider', 'CPUExecutionProvider']
[2025-12-07T14:01:56.278] [INFO] Starting cycle 20251207_140156: target=0, tier=3.0, degraded=False
[2025-12-07T14:01:57.278] [INFO] Cycle 20251207_140156 complete: status=complete (dry run), accepted=5/25, rate=20.0%, duration=1.0s
[2025-12-07T14:01:57.280] [INFO] No SMTP recipients configured, skipping email
[2025-12-07T14:02:08.054] [INFO] Running single cycle...
[2025-12-07T14:02:08.056] [INFO] Initializing genesis service...
[2025-12-07T14:02:08.629] [INFO] Genesis service initialized in 0.57s, GPU=True, providers=['TensorrtExecutionProvider', 'CUDAExecutionProvider', 'CPUExecutionProvider']
[2025-12-07T14:02:08.632] [INFO] Starting cycle 20251207_140208: target=0, tier=3.0, degraded=False
[2025-12-07T14:02:09.633] [INFO] Cycle 20251207_140208 complete: status=complete (dry run), accepted=5/25, rate=20.0%, duration=1.0s
[2025-12-07T14:02:09.634] [INFO] No SMTP recipients configured, skipping email
[2025-12-07T14:02:50.613] [INFO] Running single cycle...
[2025-12-07T14:02:50.614] [INFO] Initializing genesis service...
[2025-12-07T14:02:51.211] [INFO] Genesis service initialized in 0.60s, GPU=True, providers=['TensorrtExecutionProvider', 'CUDAExecutionProvider', 'CPUExecutionProvider']
[2025-12-07T14:02:51.215] [INFO] Starting cycle 20251207_140251: target=0, tier=3.0, degraded=False
[2025-12-07T14:02:51.218] [INFO] Cycle 20251207_140251 complete: status=complete, accepted=0/0, rate=0.0%, duration=0.0s
[2025-12-07T14:02:51.219] [INFO] No SMTP recipients configured, skipping email
[2025-12-07T14:03:02.574] [INFO] Running single cycle...
[2025-12-07T14:03:02.575] [INFO] Initializing genesis service...
[2025-12-07T14:03:03.163] [INFO] Genesis service initialized in 0.59s, GPU=True, providers=['TensorrtExecutionProvider', 'CUDAExecutionProvider', 'CPUExecutionProvider']
[2025-12-07T14:03:03.165] [INFO] Starting cycle 20251207_140303: target=0, tier=3.0, degraded=False
[2025-12-07T14:03:03.168] [INFO] Cycle 20251207_140303 complete: status=complete, accepted=0/0, rate=0.0%, duration=0.0s
[2025-12-07T14:03:03.169] [INFO] No SMTP recipients configured, skipping email
[2025-12-07T14:03:42.986] [INFO] Running single cycle...
[2025-12-07T14:03:42.988] [INFO] Initializing genesis service...
[2025-12-07T14:03:43.590] [INFO] Genesis service initialized in 0.60s, GPU=True, providers=['TensorrtExecutionProvider', 'CUDAExecutionProvider', 'CPUExecutionProvider']
[2025-12-07T14:03:43.592] [INFO] Starting cycle 20251207_140343: target=25, tier=3.0, degraded=False
[2025-12-07T14:03:43.689] [INFO] Cycle 20251207_140343 complete: status=complete, accepted=25/88, rate=28.4%, duration=0.1s
[2025-12-07T14:03:43.690] [INFO] No SMTP recipients configured, skipping email
[2025-12-07T14:03:44.002] [INFO] Running single cycle...
[2025-12-07T14:03:44.004] [INFO] Initializing genesis service...
[2025-12-07T14:03:44.578] [INFO] Genesis service initialized in 0.57s, GPU=True, providers=['TensorrtExecutionProvider', 'CUDAExecutionProvider', 'CPUExecutionProvider']
[2025-12-07T14:03:44.585] [INFO] Starting cycle 20251207_140344: target=5, tier=3.0, degraded=False
[2025-12-07T14:03:44.626] [INFO] Cycle 20251207_140344 complete: status=complete, accepted=5/12, rate=41.7%, duration=0.0s
[2025-12-07T14:03:44.627] [INFO] No SMTP recipients configured, skipping email
[2025-12-07T14:04:00.854] [INFO] Running single cycle...
[2025-12-07T14:04:00.855] [INFO] Initializing genesis service...
[2025-12-07T14:04:01.196] [ERROR] Failed to initialize genesis service: 'charmap' codec can't encode characters in position 0-1: character maps to <undefined>
[2025-12-07T14:04:01.287] [INFO] Running single cycle...
[2025-12-07T14:04:01.289] [INFO] Initializing genesis service...
[2025-12-07T14:04:01.869] [INFO] Genesis service initialized in 0.58s, GPU=True, providers=['TensorrtExecutionProvider', 'CUDAExecutionProvider', 'CPUExecutionProvider']
[2025-12-07T14:04:01.877] [INFO] Starting cycle 20251207_140401: target=5, tier=3.0, degraded=False
[2025-12-07T14:04:01.920] [INFO] Cycle 20251207_140401 complete: status=complete, accepted=4/25, rate=16.0%, duration=0.1s
[2025-12-07T14:04:01.922] [INFO] No SMTP recipients configured, skipping email
[2025-12-07T14:04:38.090] [INFO] Running single cycle...
[2025-12-07T14:04:38.092] [WARN] Cycle skipped: another instance is already running
[2025-12-07T14:08:31.201] [INFO] Running single cycle...
[2025-12-07T14:08:31.202] [INFO] Initializing genesis service...
[2025-12-07T14:08:31.576] [ERROR] Failed to initialize genesis service: 'charmap' codec can't encode characters in position 0-1: character maps to <undefined>
[2025-12-07T14:08:42.852] [INFO] Running single cycle...
[2025-12-07T14:08:42.854] [INFO] Initializing genesis service...
[2025-12-07T14:08:43.430] [INFO] Genesis service initialized in 0.58s, GPU=True, providers=['TensorrtExecutionProvider', 'CUDAExecutionProvider', 'CPUExecutionProvider']
[2025-12-07T14:08:43.439] [INFO] Starting cycle 20251207_140843: target=25, tier=3.0, degraded=False
[2025-12-07T14:08:43.546] [INFO] Cycle 20251207_140843 complete: status=complete, accepted=25/61, rate=41.0%, duration=0.1s
[2025-12-07T14:08:43.547] [INFO] No SMTP recipients configured, skipping email
